<?xml version="1.0" encoding="UTF-8"?>
<testsuite name="org.example.UserInterfaceTest" tests="4" skipped="0" failures="2" errors="0" timestamp="2026-09-24T02:50:44.157Z" hostname="Mikes-Macbook.local" time="0.005">
  <properties/>
  <testcase name="getCipherKey()" classname="org.example.UserInterfaceTest" time="0.0"/>
  <testcase name="runInterface()" classname="org.example.UserInterfaceTest" time="0.001"/>
  <testcase name="getFileData()" classname="org.example.UserInterfaceTest" time="0.003">
    <failure message="java.lang.NullPointerException: File not found" type="java.lang.NullPointerException">java.lang.NullPointerException: File not found
	at org.example.UserInterfaceTest.getFileData(UserInterfaceTest.java:25)
</failure>
  </testcase>
  <testcase name="getFileText()" classname="org.example.UserInterfaceTest" time="0.001">
    <failure message="java.lang.NullPointerException: File text not found" type="java.lang.NullPointerException">java.lang.NullPointerException: File text not found
	at org.example.UserInterfaceTest.getFileText(UserInterfaceTest.java:33)
</failure>
  </testcase>
  <system-out><![CDATA[]]></system-out>
  <system-err><![CDATA[]]></system-err>
</testsuite>
