<?xml version="1.0" encoding="UTF-8"?>
<testsuite name="FileHandlerTest" tests="5" skipped="0" failures="0" errors="0" timestamp="2026-09-25T17:01:35.681Z" hostname="hortensius" time="0.102">
  <properties/>
  <testcase name="readFileDoesNotCrashForMissingFile()" classname="FileHandlerTest" time="0.067"/>
  <testcase name="readFileReturnsEmptyStringForEmptyFile()" classname="FileHandlerTest" time="0.005"/>
  <testcase name="readFileReturnsMultilineContents()" classname="FileHandlerTest" time="0.003"/>
  <testcase name="getAvailableFilesReturnsAllFiles()" classname="FileHandlerTest" time="0.002"/>
  <testcase name="readFileReturnsCorrectContents()" classname="FileHandlerTest" time="0.002"/>
  <system-out><![CDATA[]]></system-out>
  <system-err><![CDATA[]]></system-err>
</testsuite>
